Сборка начата 12.05.2023 13:17:17.
Уровень детализации журнала: Normal.     1>Проект "D:\Учеба\Algotithmes and data structures\Labs\Lab06\Lab06\Lab06\Lab06.vcxproj" в узле 2 (целевые объекты Build).
     1>InitializeBuildStatus:
         Создание "x64\Debug\Lab06.tlog\unsuccessfulbuild", так как было задано "AlwaysCreate".
       ClCompile:
         C:\Program Files\Microsoft Visual Studio\2022\Community\VC\Tools\MSVC\14.33.31629\bin\HostX64\x64\CL.exe /c /ZI /JMC /nologo /W3 /WX- /diagnostics:column /sdl /Od /D _DEBUG /D _CONSOLE /D _UNICODE /D UNICODE /Gm- /EHsc /RTC1 /MDd /GS /fp:precise /Zc:wchar_t /Zc:forScope /Zc:inline /permissive- /Fo"x64\Debug\\" /Fd"x64\Debug\vc143.pdb" /external:W3 /Gd /TP /FC /errorReport:prompt Hash_Table.cpp lab06.cpp
         Hash_Table.cpp
         lab06.cpp
     1>D:\Учеба\Algotithmes and data structures\Labs\Lab06\Lab06\Lab06\lab06.cpp(40,12): warning C4244: аргумент: преобразование "time_t" в "unsigned int", возможна потеря данных
         Создание кода...
       Link:
         C:\Program Files\Microsoft Visual Studio\2022\Community\VC\Tools\MSVC\14.33.31629\bin\HostX64\x64\link.exe /ERRORREPORT:PROMPT /OUT:"D:\Учеба\Algotithmes and data structures\Labs\Lab06\Lab06\x64\Debug\Lab06.exe" /INCREMENTAL /ILK:"x64\Debug\Lab06.ilk" /NOLOGO kernel32.lib user32.lib gdi32.lib winspool.lib comdlg32.lib advapi32.lib shell32.lib ole32.lib oleaut32.lib uuid.lib odbc32.lib odbccp32.lib /MANIFEST /MANIFESTUAC:"level='asInvoker' uiAccess='false'" /manifest:embed /DEBUG /PDB:"D:\Учеба\Algotithmes and data structures\Labs\Lab06\Lab06\x64\Debug\Lab06.pdb" /SUBSYSTEM:CONSOLE /TLBID:1 /DYNAMICBASE /NXCOMPAT /IMPLIB:"D:\Учеба\Algotithmes and data structures\Labs\Lab06\Lab06\x64\Debug\Lab06.lib" /MACHINE:X64 x64\Debug\Hash_Table.obj
         x64\Debug\lab06.obj
         x64\Debug\List.obj
         Lab06.vcxproj -> D:\Учеба\Algotithmes and data structures\Labs\Lab06\Lab06\x64\Debug\Lab06.exe
       FinalizeBuildStatus:
         Файл "x64\Debug\Lab06.tlog\unsuccessfulbuild" удаляется.
         Обращение к "x64\Debug\Lab06.tlog\Lab06.lastbuildstate".
     1>Сборка проекта "D:\Учеба\Algotithmes and data structures\Labs\Lab06\Lab06\Lab06\Lab06.vcxproj" завершена (целевые объекты Build).

Сборка успешно завершена.

       "D:\Учеба\Algotithmes and data structures\Labs\Lab06\Lab06\Lab06\Lab06.vcxproj" (целевой объект Build ) (1) ->
       (Целевой объект ClCompile) -> 
         D:\Учеба\Algotithmes and data structures\Labs\Lab06\Lab06\Lab06\lab06.cpp(40,12): warning C4244: аргумент: преобразование "time_t" в "unsigned int", возможна потеря данных

    Предупреждений: 1
    Ошибок: 0

Прошло времени 00:00:03.24
