Сборка начата 06.02.2023 20:04:23.
Уровень детализации журнала: Normal.     1>Проект "D:\Учеба\Algotithmes and data structures\Labs\Lab01\Lab01\Lab01\Lab01.vcxproj" в узле 2 (целевые объекты Build).
     1>C:\Program Files\Microsoft Visual Studio\2022\Community\MSBuild\Microsoft\VC\v170\Microsoft.CppBuild.targets(534,5): warning MSB8028: промежуточный каталог (x64\Debug\) содержит файлы, которые используются совместно с другим проектом (Lab01.vcxproj).  Это может привести к ошибкам очистки и перестроения.
     1>InitializeBuildStatus:
         Создание "x64\Debug\Lab01_recursion.tlog\unsuccessfulbuild", так как было задано "AlwaysCreate".
       ClCompile:
         C:\Program Files\Microsoft Visual Studio\2022\Community\VC\Tools\MSVC\14.33.31629\bin\HostX64\x64\CL.exe /c /ZI /JMC /nologo /W3 /WX- /diagnostics:column /sdl /Od /D _DEBUG /D _CONSOLE /D _UNICODE /D UNICODE /Gm- /EHsc /RTC1 /MDd /GS /fp:precise /Zc:wchar_t /Zc:forScope /Zc:inline /permissive- /Fo"x64\Debug\\" /Fd"x64\Debug\vc143.pdb" /external:W3 /Gd /TP /FC /errorReport:prompt lab01_recursion.cpp
         lab01_recursion.cpp
     1>D:\Учеба\Algotithmes and data structures\Labs\Lab01\Lab01\Lab01\lab01_recursion.cpp(15,13): warning C4326: возвращаемый тип "main" должен быть "int", а не "void"
       Link:
         C:\Program Files\Microsoft Visual Studio\2022\Community\VC\Tools\MSVC\14.33.31629\bin\HostX64\x64\link.exe /ERRORREPORT:PROMPT /OUT:"D:\Учеба\Algotithmes and data structures\Labs\Lab01\Lab01\x64\Debug\Lab01_recursion.exe" /INCREMENTAL /ILK:"x64\Debug\Lab01_recursion.ilk" /NOLOGO kernel32.lib user32.lib gdi32.lib winspool.lib comdlg32.lib advapi32.lib shell32.lib ole32.lib oleaut32.lib uuid.lib odbc32.lib odbccp32.lib /MANIFEST /MANIFESTUAC:"level='asInvoker' uiAccess='false'" /manifest:embed /DEBUG /PDB:"D:\Учеба\Algotithmes and data structures\Labs\Lab01\Lab01\x64\Debug\Lab01_recursion.pdb" /SUBSYSTEM:CONSOLE /TLBID:1 /DYNAMICBASE /NXCOMPAT /IMPLIB:"D:\Учеба\Algotithmes and data structures\Labs\Lab01\Lab01\x64\Debug\Lab01_recursion.lib" /MACHINE:X64 x64\Debug\lab01_recursion.obj
         Lab01.vcxproj -> D:\Учеба\Algotithmes and data structures\Labs\Lab01\Lab01\x64\Debug\Lab01_recursion.exe
       FinalizeBuildStatus:
         Файл "x64\Debug\Lab01_recursion.tlog\unsuccessfulbuild" удаляется.
         Обращение к "x64\Debug\Lab01_recursion.tlog\Lab01_recursion.lastbuildstate".
     1>Сборка проекта "D:\Учеба\Algotithmes and data structures\Labs\Lab01\Lab01\Lab01\Lab01.vcxproj" завершена (целевые объекты Build).

Сборка успешно завершена.

       "D:\Учеба\Algotithmes and data structures\Labs\Lab01\Lab01\Lab01\Lab01.vcxproj" (целевой объект Build ) (1) ->
       (Целевой объект PrepareForBuild) -> 
         C:\Program Files\Microsoft Visual Studio\2022\Community\MSBuild\Microsoft\VC\v170\Microsoft.CppBuild.targets(534,5): warning MSB8028: промежуточный каталог (x64\Debug\) содержит файлы, которые используются совместно с другим проектом (Lab01.vcxproj).  Это может привести к ошибкам очистки и перестроения.


       "D:\Учеба\Algotithmes and data structures\Labs\Lab01\Lab01\Lab01\Lab01.vcxproj" (целевой объект Build ) (1) ->
       (Целевой объект ClCompile) -> 
         D:\Учеба\Algotithmes and data structures\Labs\Lab01\Lab01\Lab01\lab01_recursion.cpp(15,13): warning C4326: возвращаемый тип "main" должен быть "int", а не "void"

    Предупреждений: 2
    Ошибок: 0

Прошло времени 00:00:01.25
