Сборка начата 17.02.2023 22:48:23.
Уровень детализации журнала: Normal.     1>Проект "D:\Учеба\Algotithmes and data structures\Labs\Lab02\Depth_search\Depth_search.vcxproj" в узле 2 (целевые объекты Build).
     1>InitializeBuildStatus:
         Создание "x64\Debug\Depth_search.tlog\unsuccessfulbuild", так как было задано "AlwaysCreate".
       ClCompile:
         C:\Program Files\Microsoft Visual Studio\2022\Community\VC\Tools\MSVC\14.33.31629\bin\HostX64\x64\CL.exe /c /ZI /JMC /nologo /W3 /WX- /diagnostics:column /sdl /Od /D _DEBUG /D _CONSOLE /D _UNICODE /D UNICODE /Gm- /EHsc /RTC1 /MDd /GS /fp:precise /Zc:wchar_t /Zc:forScope /Zc:inline /permissive- /Fo"x64\Debug\\" /Fd"x64\Debug\vc143.pdb" /external:W3 /Gd /TP /FC /errorReport:prompt depth_search.cpp
         depth_search.cpp
     1>D:\Учеба\Algotithmes and data structures\Labs\Lab02\Depth_search\depth_search.cpp(5,13): warning C4326: возвращаемый тип "main" должен быть "int", а не "void"
       Link:
         C:\Program Files\Microsoft Visual Studio\2022\Community\VC\Tools\MSVC\14.33.31629\bin\HostX64\x64\link.exe /ERRORREPORT:PROMPT /OUT:"D:\Учеба\Algotithmes and data structures\Labs\Lab02\x64\Debug\Depth_search.exe" /INCREMENTAL /ILK:"x64\Debug\Depth_search.ilk" /NOLOGO kernel32.lib user32.lib gdi32.lib winspool.lib comdlg32.lib advapi32.lib shell32.lib ole32.lib oleaut32.lib uuid.lib odbc32.lib odbccp32.lib /MANIFEST /MANIFESTUAC:"level='asInvoker' uiAccess='false'" /manifest:embed /DEBUG /PDB:"D:\Учеба\Algotithmes and data structures\Labs\Lab02\x64\Debug\Depth_search.pdb" /SUBSYSTEM:CONSOLE /TLBID:1 /DYNAMICBASE /NXCOMPAT /IMPLIB:"D:\Учеба\Algotithmes and data structures\Labs\Lab02\x64\Debug\Depth_search.lib" /MACHINE:X64 x64\Debug\depth_search.obj
         Depth_search.vcxproj -> D:\Учеба\Algotithmes and data structures\Labs\Lab02\x64\Debug\Depth_search.exe
       FinalizeBuildStatus:
         Файл "x64\Debug\Depth_search.tlog\unsuccessfulbuild" удаляется.
         Обращение к "x64\Debug\Depth_search.tlog\Depth_search.lastbuildstate".
     1>Сборка проекта "D:\Учеба\Algotithmes and data structures\Labs\Lab02\Depth_search\Depth_search.vcxproj" завершена (целевые объекты Build).

Сборка успешно завершена.

       "D:\Учеба\Algotithmes and data structures\Labs\Lab02\Depth_search\Depth_search.vcxproj" (целевой объект Build ) (1) ->
       (Целевой объект ClCompile) -> 
         D:\Учеба\Algotithmes and data structures\Labs\Lab02\Depth_search\depth_search.cpp(5,13): warning C4326: возвращаемый тип "main" должен быть "int", а не "void"

    Предупреждений: 1
    Ошибок: 0

Прошло времени 00:00:01.73
